<?xml version="1.0" encoding="UTF-8"?>
<!-- Generated by org.testng.reporters.JUnitReportReporter -->
<testsuite skipped="0" hostname="DESKTOP-M6BRS3A" name="Steps.FakeTests" tests="1" failures="0" timestamp="20 Nov 2018 14:49:10 GMT" time="0.000" errors="0">
  <testcase name="fakeSmokeTest" time="0.000" classname="Steps.FakeTests"/>
</testsuite> <!-- Steps.FakeTests -->
